
ROM used:   452/32768 (1%)
            456/32768 (1%) including unused fragments

            0.4 Average locations per line
            12.2 Average locations per statement

RAM used:   30/2048 (1%) at main() level
            31/2048 (2%) worst case

Stack used: 1 worst case (0 in main + 1 for interrupts)
Stack size: 31

Lines Stmts  %   Files
----- ----- ---  -----
   80    37 100  Servomotor.c
  972     0   0  D:\Programas\PICC\Devices\18F45K50.h
----- -----
 1052    37 Total

Page ROM  %  RAM    Vol Diff  Functions:
---- --- --- ---    --- ----  ----------
0     40   4    1             @delay_ms1
0     32   4    1             @delay_us1
0     18   2    0     78  1.6  SisInit
0     20   2    0     50  1.5  TIMER0_isr
0    172  19    1    706  4.8  MAIN
 Inline         0             @cinit1

Program metrics:
    Functions               3
    Statements              37
    Comments                192
    Volume (V)              997
    Difficulty (D)          7.9
    Effort to implement (E) 7838
    Time to implement (T)   7 minutes
    Est Delivered Bugs (B)  0
    Cyclomatic Complexity   6
    Maintainability (MI)    91

 Segment     Used  Free
-----------  ----  ----
00000-01FFE     0  8192  
02000-02006     4  4  
02008-020AC   166  0  
020AE-07FFE   282  24120  



